<?xml version="1.0" encoding="UTF-8"?>
<testng-results ignored="0" total="3" passed="3" failed="0" skipped="0">
  <reporter-output>
  </reporter-output>
  <suite started-at="2026-06-12T01:01:31 IST" name="NegativeTestSuite" finished-at="2026-06-12T01:01:47 IST" duration-ms="15934">
    <groups>
    </groups>
    <test started-at="2026-06-12T01:01:31 IST" name="NegativeTests" finished-at="2026-06-12T01:01:47 IST" duration-ms="15934">
      <class name="testcases.NegativeTestingTest">
        <test-method is-config="true" signature="setup()[pri:0, instance:testcases.NegativeTestingTest@bcec361]" started-at="2026-06-12T01:01:31 IST" name="setup" finished-at="2026-06-12T01:01:37 IST" duration-ms="5752" status="PASS">
          <reporter-output>
          </reporter-output>
        </test-method> <!-- setup -->
        <test-method signature="verifyRegistrationNegative(java.lang.String,java.lang.String,java.lang.String,java.lang.String,java.lang.String)[pri:1, instance:testcases.NegativeTestingTest@bcec361]" started-at="2026-06-12T01:01:37 IST" name="verifyRegistrationNegative" data-provider="userData" finished-at="2026-06-12T01:01:41 IST" duration-ms="4016" status="PASS">
          <params>
            <param index="0">
              <value>
                <![CDATA[Baivab Sarkar]]>
              </value>
            </param>
            <param index="1">
              <value>
                <![CDATA[Wipro]]>
              </value>
            </param>
            <param index="2">
              <value>
                <![CDATA[baivab@test.com]]>
              </value>
            </param>
            <param index="3">
              <value>
                <![CDATA[Test@123]]>
              </value>
            </param>
            <param index="4">
              <value>
                <![CDATA[Test@123]]>
              </value>
            </param>
          </params>
          <reporter-output>
          </reporter-output>
        </test-method> <!-- verifyRegistrationNegative -->
        <test-method signature="verifyLoginNegative(java.lang.String,java.lang.String,java.lang.String,java.lang.String,java.lang.String)[pri:2, instance:testcases.NegativeTestingTest@bcec361]" started-at="2026-06-12T01:01:41 IST" name="verifyLoginNegative" data-provider="userData" finished-at="2026-06-12T01:01:42 IST" duration-ms="1591" status="PASS">
          <params>
            <param index="0">
              <value>
                <![CDATA[Baivab Sarkar]]>
              </value>
            </param>
            <param index="1">
              <value>
                <![CDATA[Wipro]]>
              </value>
            </param>
            <param index="2">
              <value>
                <![CDATA[baivab@test.com]]>
              </value>
            </param>
            <param index="3">
              <value>
                <![CDATA[Test@123]]>
              </value>
            </param>
            <param index="4">
              <value>
                <![CDATA[Test@123]]>
              </value>
            </param>
          </params>
          <reporter-output>
          </reporter-output>
        </test-method> <!-- verifyLoginNegative -->
        <test-method signature="verifyPurchaseNegative(java.lang.String,java.lang.String,java.lang.String,java.lang.String,java.lang.String,java.lang.String,java.lang.String,java.lang.String,java.lang.String,java.lang.String)[pri:3, instance:testcases.NegativeTestingTest@bcec361]" started-at="2026-06-12T01:01:42 IST" name="verifyPurchaseNegative" data-provider="purchaseNegativeData" finished-at="2026-06-12T01:01:46 IST" duration-ms="3654" status="PASS">
          <params>
            <param index="0">
              <value>
                <![CDATA[]]>
              </value>
            </param>
            <param index="1">
              <value>
                <![CDATA[123456]]>
              </value>
            </param>
            <param index="2">
              <value>
                <![CDATA[@#$%^&*]]>
              </value>
            </param>
            <param index="3">
              <value>
                <![CDATA[98765]]>
              </value>
            </param>
            <param index="4">
              <value>
                <![CDATA[ABCDEF]]>
              </value>
            </param>
            <param index="5">
              <value>
                <![CDATA[Visa]]>
              </value>
            </param>
            <param index="6">
              <value>
                <![CDATA[1]]>
              </value>
            </param>
            <param index="7">
              <value>
                <![CDATA[99]]>
              </value>
            </param>
            <param index="8">
              <value>
                <![CDATA[1900]]>
              </value>
            </param>
            <param index="9">
              <value>
                <![CDATA[@@@###]]>
              </value>
            </param>
          </params>
          <reporter-output>
          </reporter-output>
        </test-method> <!-- verifyPurchaseNegative -->
        <test-method is-config="true" signature="tearDown()[pri:0, instance:testcases.NegativeTestingTest@bcec361]" started-at="2026-06-12T01:01:46 IST" name="tearDown" finished-at="2026-06-12T01:01:47 IST" duration-ms="744" status="PASS">
          <reporter-output>
          </reporter-output>
        </test-method> <!-- tearDown -->
      </class> <!-- testcases.NegativeTestingTest -->
    </test> <!-- NegativeTests -->
  </suite> <!-- NegativeTestSuite -->
</testng-results>
