<?xml version="1.0" encoding="UTF-8"?>
<testng-results ignored="0" total="12" passed="12" failed="0" skipped="0">
  <reporter-output>
  </reporter-output>
  <suite started-at="2026-06-15T00:05:11 IST" name="FlightBookingSuite" finished-at="2026-06-15T00:05:53 IST" duration-ms="42528">
    <groups>
      <group name="regression">
        <method signature="FlightBookingTest.verifyHomePage()[pri:1, instance:testcases.FlightBookingTest@3766c667, instance params:[Boston, London, Baivab Sarkar, Park Street Area, Kolkata, West Bengal, 700001, Diner&#039;s Club, 4111111111111110, 12, 2028, Baivab Sarkar]]" name="verifyHomePage" class="testcases.FlightBookingTest"/>
        <method signature="FlightBookingTest.verifyHomePage()[pri:1, instance:testcases.FlightBookingTest@55b8dbda, instance params:[Mexico City, Dublin, Harsh Choudhary, College Street, DumDum, West Bengal, 798457, American Express, 30569309025904, 9, 2030, Harsh Choudhary]]" name="verifyHomePage" class="testcases.FlightBookingTest"/>
        <method signature="FlightBookingTest.verifyHomePage()[pri:1, instance:testcases.FlightBookingTest@773c0293, instance params:[Paris, Rome, Ayush Sharma, Park Circus, Howrah, West Bengal, 745501, Visa, 378282246310005, 10, 2029, Ayush Sharma]]" name="verifyHomePage" class="testcases.FlightBookingTest"/>
        <method signature="FlightBookingTest.verifyFlightSearch()[pri:2, instance:testcases.FlightBookingTest@3766c667, instance params:[Boston, London, Baivab Sarkar, Park Street Area, Kolkata, West Bengal, 700001, Diner&#039;s Club, 4111111111111110, 12, 2028, Baivab Sarkar]]" name="verifyFlightSearch" class="testcases.FlightBookingTest"/>
        <method signature="FlightBookingTest.verifyFlightSearch()[pri:2, instance:testcases.FlightBookingTest@55b8dbda, instance params:[Mexico City, Dublin, Harsh Choudhary, College Street, DumDum, West Bengal, 798457, American Express, 30569309025904, 9, 2030, Harsh Choudhary]]" name="verifyFlightSearch" class="testcases.FlightBookingTest"/>
        <method signature="FlightBookingTest.verifyFlightSearch()[pri:2, instance:testcases.FlightBookingTest@773c0293, instance params:[Paris, Rome, Ayush Sharma, Park Circus, Howrah, West Bengal, 745501, Visa, 378282246310005, 10, 2029, Ayush Sharma]]" name="verifyFlightSearch" class="testcases.FlightBookingTest"/>
        <method signature="FlightBookingTest.verifyPurchasePage()[pri:3, instance:testcases.FlightBookingTest@3766c667, instance params:[Boston, London, Baivab Sarkar, Park Street Area, Kolkata, West Bengal, 700001, Diner&#039;s Club, 4111111111111110, 12, 2028, Baivab Sarkar]]" name="verifyPurchasePage" class="testcases.FlightBookingTest"/>
        <method signature="FlightBookingTest.verifyPurchasePage()[pri:3, instance:testcases.FlightBookingTest@55b8dbda, instance params:[Mexico City, Dublin, Harsh Choudhary, College Street, DumDum, West Bengal, 798457, American Express, 30569309025904, 9, 2030, Harsh Choudhary]]" name="verifyPurchasePage" class="testcases.FlightBookingTest"/>
        <method signature="FlightBookingTest.verifyPurchasePage()[pri:3, instance:testcases.FlightBookingTest@773c0293, instance params:[Paris, Rome, Ayush Sharma, Park Circus, Howrah, West Bengal, 745501, Visa, 378282246310005, 10, 2029, Ayush Sharma]]" name="verifyPurchasePage" class="testcases.FlightBookingTest"/>
        <method signature="FlightBookingTest.verifyBookingConfirmation()[pri:4, instance:testcases.FlightBookingTest@3766c667, instance params:[Boston, London, Baivab Sarkar, Park Street Area, Kolkata, West Bengal, 700001, Diner&#039;s Club, 4111111111111110, 12, 2028, Baivab Sarkar]]" name="verifyBookingConfirmation" class="testcases.FlightBookingTest"/>
        <method signature="FlightBookingTest.verifyBookingConfirmation()[pri:4, instance:testcases.FlightBookingTest@55b8dbda, instance params:[Mexico City, Dublin, Harsh Choudhary, College Street, DumDum, West Bengal, 798457, American Express, 30569309025904, 9, 2030, Harsh Choudhary]]" name="verifyBookingConfirmation" class="testcases.FlightBookingTest"/>
        <method signature="FlightBookingTest.verifyBookingConfirmation()[pri:4, instance:testcases.FlightBookingTest@773c0293, instance params:[Paris, Rome, Ayush Sharma, Park Circus, Howrah, West Bengal, 745501, Visa, 378282246310005, 10, 2029, Ayush Sharma]]" name="verifyBookingConfirmation" class="testcases.FlightBookingTest"/>
      </group> <!-- regression -->
      <group name="smoke">
        <method signature="FlightBookingTest.verifyHomePage()[pri:1, instance:testcases.FlightBookingTest@3766c667, instance params:[Boston, London, Baivab Sarkar, Park Street Area, Kolkata, West Bengal, 700001, Diner&#039;s Club, 4111111111111110, 12, 2028, Baivab Sarkar]]" name="verifyHomePage" class="testcases.FlightBookingTest"/>
        <method signature="FlightBookingTest.verifyHomePage()[pri:1, instance:testcases.FlightBookingTest@55b8dbda, instance params:[Mexico City, Dublin, Harsh Choudhary, College Street, DumDum, West Bengal, 798457, American Express, 30569309025904, 9, 2030, Harsh Choudhary]]" name="verifyHomePage" class="testcases.FlightBookingTest"/>
        <method signature="FlightBookingTest.verifyHomePage()[pri:1, instance:testcases.FlightBookingTest@773c0293, instance params:[Paris, Rome, Ayush Sharma, Park Circus, Howrah, West Bengal, 745501, Visa, 378282246310005, 10, 2029, Ayush Sharma]]" name="verifyHomePage" class="testcases.FlightBookingTest"/>
      </group> <!-- smoke -->
    </groups>
    <test started-at="2026-06-15T00:05:11 IST" name="FlightBookingTests" finished-at="2026-06-15T00:05:53 IST" duration-ms="42528">
      <class name="testcases.FlightBookingTest">
        <test-method is-config="true" signature="setup()[pri:0, instance:testcases.FlightBookingTest@3766c667, instance params:[Boston, London, Baivab Sarkar, Park Street Area, Kolkata, West Bengal, 700001, Diner&#039;s Club, 4111111111111110, 12, 2028, Baivab Sarkar]]" started-at="2026-06-15T00:05:11 IST" name="setup" finished-at="2026-06-15T00:05:32 IST" duration-ms="21633" status="PASS">
          <reporter-output>
          </reporter-output>
        </test-method> <!-- setup -->
        <test-method signature="verifyHomePage()[pri:1, instance:testcases.FlightBookingTest@3766c667, instance params:[Boston, London, Baivab Sarkar, Park Street Area, Kolkata, West Bengal, 700001, Diner&#039;s Club, 4111111111111110, 12, 2028, Baivab Sarkar]]" started-at="2026-06-15T00:05:32 IST" name="verifyHomePage" finished-at="2026-06-15T00:05:34 IST" duration-ms="1305" status="PASS">
          <reporter-output>
          </reporter-output>
        </test-method> <!-- verifyHomePage -->
        <test-method signature="verifyFlightSearch()[pri:2, instance:testcases.FlightBookingTest@3766c667, instance params:[Boston, London, Baivab Sarkar, Park Street Area, Kolkata, West Bengal, 700001, Diner&#039;s Club, 4111111111111110, 12, 2028, Baivab Sarkar]]" started-at="2026-06-15T00:05:34 IST" name="verifyFlightSearch" finished-at="2026-06-15T00:05:35 IST" depends-on-methods="testcases.FlightBookingTest.verifyHomePage" duration-ms="805" status="PASS">
          <reporter-output>
          </reporter-output>
        </test-method> <!-- verifyFlightSearch -->
        <test-method signature="verifyPurchasePage()[pri:3, instance:testcases.FlightBookingTest@3766c667, instance params:[Boston, London, Baivab Sarkar, Park Street Area, Kolkata, West Bengal, 700001, Diner&#039;s Club, 4111111111111110, 12, 2028, Baivab Sarkar]]" started-at="2026-06-15T00:05:35 IST" name="verifyPurchasePage" finished-at="2026-06-15T00:05:37 IST" depends-on-methods="testcases.FlightBookingTest.verifyFlightSearch" duration-ms="2029" status="PASS">
          <reporter-output>
          </reporter-output>
        </test-method> <!-- verifyPurchasePage -->
        <test-method signature="verifyBookingConfirmation()[pri:4, instance:testcases.FlightBookingTest@3766c667, instance params:[Boston, London, Baivab Sarkar, Park Street Area, Kolkata, West Bengal, 700001, Diner&#039;s Club, 4111111111111110, 12, 2028, Baivab Sarkar]]" started-at="2026-06-15T00:05:37 IST" name="verifyBookingConfirmation" finished-at="2026-06-15T00:05:38 IST" depends-on-methods="testcases.FlightBookingTest.verifyPurchasePage" duration-ms="1041" status="PASS">
          <reporter-output>
          </reporter-output>
        </test-method> <!-- verifyBookingConfirmation -->
        <test-method is-config="true" signature="tearDown()[pri:0, instance:testcases.FlightBookingTest@3766c667, instance params:[Boston, London, Baivab Sarkar, Park Street Area, Kolkata, West Bengal, 700001, Diner&#039;s Club, 4111111111111110, 12, 2028, Baivab Sarkar]]" started-at="2026-06-15T00:05:38 IST" name="tearDown" finished-at="2026-06-15T00:05:38 IST" duration-ms="395" status="PASS">
          <reporter-output>
          </reporter-output>
        </test-method> <!-- tearDown -->
        <test-method is-config="true" signature="setup()[pri:0, instance:testcases.FlightBookingTest@55b8dbda, instance params:[Mexico City, Dublin, Harsh Choudhary, College Street, DumDum, West Bengal, 798457, American Express, 30569309025904, 9, 2030, Harsh Choudhary]]" started-at="2026-06-15T00:05:38 IST" name="setup" finished-at="2026-06-15T00:05:41 IST" duration-ms="2809" status="PASS">
          <reporter-output>
          </reporter-output>
        </test-method> <!-- setup -->
        <test-method signature="verifyHomePage()[pri:1, instance:testcases.FlightBookingTest@55b8dbda, instance params:[Mexico City, Dublin, Harsh Choudhary, College Street, DumDum, West Bengal, 798457, American Express, 30569309025904, 9, 2030, Harsh Choudhary]]" started-at="2026-06-15T00:05:41 IST" name="verifyHomePage" finished-at="2026-06-15T00:05:42 IST" duration-ms="1164" status="PASS">
          <reporter-output>
          </reporter-output>
        </test-method> <!-- verifyHomePage -->
        <test-method signature="verifyFlightSearch()[pri:2, instance:testcases.FlightBookingTest@55b8dbda, instance params:[Mexico City, Dublin, Harsh Choudhary, College Street, DumDum, West Bengal, 798457, American Express, 30569309025904, 9, 2030, Harsh Choudhary]]" started-at="2026-06-15T00:05:42 IST" name="verifyFlightSearch" finished-at="2026-06-15T00:05:43 IST" depends-on-methods="testcases.FlightBookingTest.verifyHomePage" duration-ms="642" status="PASS">
          <reporter-output>
          </reporter-output>
        </test-method> <!-- verifyFlightSearch -->
        <test-method signature="verifyPurchasePage()[pri:3, instance:testcases.FlightBookingTest@55b8dbda, instance params:[Mexico City, Dublin, Harsh Choudhary, College Street, DumDum, West Bengal, 798457, American Express, 30569309025904, 9, 2030, Harsh Choudhary]]" started-at="2026-06-15T00:05:43 IST" name="verifyPurchasePage" finished-at="2026-06-15T00:05:45 IST" depends-on-methods="testcases.FlightBookingTest.verifyFlightSearch" duration-ms="2027" status="PASS">
          <reporter-output>
          </reporter-output>
        </test-method> <!-- verifyPurchasePage -->
        <test-method signature="verifyBookingConfirmation()[pri:4, instance:testcases.FlightBookingTest@55b8dbda, instance params:[Mexico City, Dublin, Harsh Choudhary, College Street, DumDum, West Bengal, 798457, American Express, 30569309025904, 9, 2030, Harsh Choudhary]]" started-at="2026-06-15T00:05:45 IST" name="verifyBookingConfirmation" finished-at="2026-06-15T00:05:45 IST" depends-on-methods="testcases.FlightBookingTest.verifyPurchasePage" duration-ms="378" status="PASS">
          <reporter-output>
          </reporter-output>
        </test-method> <!-- verifyBookingConfirmation -->
        <test-method is-config="true" signature="tearDown()[pri:0, instance:testcases.FlightBookingTest@55b8dbda, instance params:[Mexico City, Dublin, Harsh Choudhary, College Street, DumDum, West Bengal, 798457, American Express, 30569309025904, 9, 2030, Harsh Choudhary]]" started-at="2026-06-15T00:05:45 IST" name="tearDown" finished-at="2026-06-15T00:05:45 IST" duration-ms="205" status="PASS">
          <reporter-output>
          </reporter-output>
        </test-method> <!-- tearDown -->
        <test-method is-config="true" signature="setup()[pri:0, instance:testcases.FlightBookingTest@773c0293, instance params:[Paris, Rome, Ayush Sharma, Park Circus, Howrah, West Bengal, 745501, Visa, 378282246310005, 10, 2029, Ayush Sharma]]" started-at="2026-06-15T00:05:45 IST" name="setup" finished-at="2026-06-15T00:05:49 IST" duration-ms="3235" status="PASS">
          <reporter-output>
          </reporter-output>
        </test-method> <!-- setup -->
        <test-method signature="verifyHomePage()[pri:1, instance:testcases.FlightBookingTest@773c0293, instance params:[Paris, Rome, Ayush Sharma, Park Circus, Howrah, West Bengal, 745501, Visa, 378282246310005, 10, 2029, Ayush Sharma]]" started-at="2026-06-15T00:05:49 IST" name="verifyHomePage" finished-at="2026-06-15T00:05:50 IST" duration-ms="1178" status="PASS">
          <reporter-output>
          </reporter-output>
        </test-method> <!-- verifyHomePage -->
        <test-method signature="verifyFlightSearch()[pri:2, instance:testcases.FlightBookingTest@773c0293, instance params:[Paris, Rome, Ayush Sharma, Park Circus, Howrah, West Bengal, 745501, Visa, 378282246310005, 10, 2029, Ayush Sharma]]" started-at="2026-06-15T00:05:50 IST" name="verifyFlightSearch" finished-at="2026-06-15T00:05:50 IST" depends-on-methods="testcases.FlightBookingTest.verifyHomePage" duration-ms="211" status="PASS">
          <reporter-output>
          </reporter-output>
        </test-method> <!-- verifyFlightSearch -->
        <test-method signature="verifyPurchasePage()[pri:3, instance:testcases.FlightBookingTest@773c0293, instance params:[Paris, Rome, Ayush Sharma, Park Circus, Howrah, West Bengal, 745501, Visa, 378282246310005, 10, 2029, Ayush Sharma]]" started-at="2026-06-15T00:05:50 IST" name="verifyPurchasePage" finished-at="2026-06-15T00:05:53 IST" depends-on-methods="testcases.FlightBookingTest.verifyFlightSearch" duration-ms="2529" status="PASS">
          <reporter-output>
          </reporter-output>
        </test-method> <!-- verifyPurchasePage -->
        <test-method signature="verifyBookingConfirmation()[pri:4, instance:testcases.FlightBookingTest@773c0293, instance params:[Paris, Rome, Ayush Sharma, Park Circus, Howrah, West Bengal, 745501, Visa, 378282246310005, 10, 2029, Ayush Sharma]]" started-at="2026-06-15T00:05:53 IST" name="verifyBookingConfirmation" finished-at="2026-06-15T00:05:53 IST" depends-on-methods="testcases.FlightBookingTest.verifyPurchasePage" duration-ms="398" status="PASS">
          <reporter-output>
          </reporter-output>
        </test-method> <!-- verifyBookingConfirmation -->
        <test-method is-config="true" signature="tearDown()[pri:0, instance:testcases.FlightBookingTest@773c0293, instance params:[Paris, Rome, Ayush Sharma, Park Circus, Howrah, West Bengal, 745501, Visa, 378282246310005, 10, 2029, Ayush Sharma]]" started-at="2026-06-15T00:05:53 IST" name="tearDown" finished-at="2026-06-15T00:05:53 IST" duration-ms="227" status="PASS">
          <reporter-output>
          </reporter-output>
        </test-method> <!-- tearDown -->
      </class> <!-- testcases.FlightBookingTest -->
    </test> <!-- FlightBookingTests -->
  </suite> <!-- FlightBookingSuite -->
</testng-results>
