<?xml version="1.0" encoding="UTF-8"?>
<!-- Generated by org.testng.reporters.JUnitReportReporter -->
<testsuite hostname="DESKTOP-935VO9M" failures="0" tests="3" name="testcases.NegativeTestingTest" time="9.261" errors="0" timestamp="2026-06-12T01:01:47 IST" skipped="0">
  <testcase classname="testcases.NegativeTestingTest" name="verifyRegistrationNegative" time="4.016"/>
  <testcase classname="testcases.NegativeTestingTest" name="verifyLoginNegative" time="1.591"/>
  <testcase classname="testcases.NegativeTestingTest" name="verifyPurchaseNegative" time="3.654"/>
</testsuite> <!-- testcases.NegativeTestingTest -->
