<?xml version="1.0" encoding="UTF-8"?>
<!-- Generated by org.testng.reporters.JUnitXMLReporter -->
<testsuite ignored="0" hostname="DESKTOP-935VO9M" failures="0" tests="4" name="FlightBookingTests" time="24.908" errors="0" timestamp="2026-06-11T12:38:22 IST">
  <testcase classname="testcases.FlightBookingTest" name="verifyHomePage" time="1.944"/>
  <testcase classname="testcases.FlightBookingTest" name="verifyFlightSearch" time="0.746"/>
  <testcase classname="testcases.FlightBookingTest" name="verifyPurchasePage" time="2.221"/>
  <testcase classname="testcases.FlightBookingTest" name="verifyBookingConfirmation" time="1.704"/>
</testsuite> <!-- FlightBookingTests -->
