<?xml version="1.0" encoding="UTF-8"?>
<!-- Generated by org.testng.reporters.JUnitXMLReporter -->
<testsuite ignored="0" hostname="DESKTOP-935VO9M" failures="0" tests="12" name="FlightBookingTests" time="30.996" errors="0" timestamp="2026-06-12T12:18:35 IST">
  <testcase classname="testcases.FlightBookingTest" name="verifyHomePage" time="1.563"/>
  <testcase classname="testcases.FlightBookingTest" name="verifyFlightSearch" time="0.409"/>
  <testcase classname="testcases.FlightBookingTest" name="verifyPurchasePage" time="2.825"/>
  <testcase classname="testcases.FlightBookingTest" name="verifyBookingConfirmation" time="1.059"/>
  <testcase classname="testcases.FlightBookingTest" name="verifyHomePage" time="1.308"/>
  <testcase classname="testcases.FlightBookingTest" name="verifyFlightSearch" time="0.779"/>
  <testcase classname="testcases.FlightBookingTest" name="verifyPurchasePage" time="2.172"/>
  <testcase classname="testcases.FlightBookingTest" name="verifyBookingConfirmation" time="0.428"/>
  <testcase classname="testcases.FlightBookingTest" name="verifyHomePage" time="1.313"/>
  <testcase classname="testcases.FlightBookingTest" name="verifyFlightSearch" time="0.801"/>
  <testcase classname="testcases.FlightBookingTest" name="verifyPurchasePage" time="2.239"/>
  <testcase classname="testcases.FlightBookingTest" name="verifyBookingConfirmation" time="0.436"/>
</testsuite> <!-- FlightBookingTests -->
